0 info it worked if it ends with ok
1 verbose cli [ '/usr/bin/node', '/usr/bin/npm', 'install', 'gulp-cli', '-g' ]
2 info using npm@3.10.10
3 info using node@v6.17.1
4 silly loadCurrentTree Starting
5 silly install loadCurrentTree
6 silly install readGlobalPackageData
7 silly fetchPackageMetaData gulp-cli
8 silly fetchNamedPackageData gulp-cli
9 silly mapToRegistry name gulp-cli
10 silly mapToRegistry using default registry
11 silly mapToRegistry registry https://registry.npmjs.org/
12 silly mapToRegistry data Result {
12 silly mapToRegistry   raw: 'gulp-cli',
12 silly mapToRegistry   scope: null,
12 silly mapToRegistry   escapedName: 'gulp-cli',
12 silly mapToRegistry   name: 'gulp-cli',
12 silly mapToRegistry   rawSpec: '',
12 silly mapToRegistry   spec: 'latest',
12 silly mapToRegistry   type: 'tag' }
13 silly mapToRegistry uri https://registry.npmjs.org/gulp-cli
14 verbose request uri https://registry.npmjs.org/gulp-cli
15 verbose request no auth needed
16 info attempt registry request try #1 at 6:43:53 PM
17 verbose request id 45090107a46815d4
18 http request GET https://registry.npmjs.org/gulp-cli
19 http 200 https://registry.npmjs.org/gulp-cli
20 verbose headers { date: 'Tue, 20 Oct 2020 18:43:53 GMT',
20 verbose headers   'content-type': 'application/json',
20 verbose headers   'transfer-encoding': 'chunked',
20 verbose headers   connection: 'keep-alive',
20 verbose headers   'set-cookie': [ '__cfduid=d47e7d88087b03e7c4e06adcc22b6872c1603219433; expires=Thu, 19-Nov-20 18:43:53 GMT; path=/; domain=.npmjs.org; HttpOnly; SameSite=Lax' ],
20 verbose headers   'cf-ray': '5e54e31638e60987-IAD',
20 verbose headers   age: '3396',
20 verbose headers   'cache-control': 'public, max-age=300',
20 verbose headers   etag: 'W/"58e2d1b777770e9a7783077b6e637450"',
20 verbose headers   'last-modified': 'Thu, 04 Jun 2020 00:14:33 GMT',
20 verbose headers   vary: 'accept-encoding, accept',
20 verbose headers   'cf-cache-status': 'HIT',
20 verbose headers   'cf-request-id': '05e8ec41e2000009874ba26000000001',
20 verbose headers   'expect-ct': 'max-age=604800, report-uri="https://report-uri.cloudflare.com/cdn-cgi/beacon/expect-ct"',
20 verbose headers   server: 'cloudflare',
20 verbose headers   'content-encoding': 'gzip' }
21 silly get cb [ 200,
21 silly get   { date: 'Tue, 20 Oct 2020 18:43:53 GMT',
21 silly get     'content-type': 'application/json',
21 silly get     'transfer-encoding': 'chunked',
21 silly get     connection: 'keep-alive',
21 silly get     'set-cookie': [ '__cfduid=d47e7d88087b03e7c4e06adcc22b6872c1603219433; expires=Thu, 19-Nov-20 18:43:53 GMT; path=/; domain=.npmjs.org; HttpOnly; SameSite=Lax' ],
21 silly get     'cf-ray': '5e54e31638e60987-IAD',
21 silly get     age: '3396',
21 silly get     'cache-control': 'public, max-age=300',
21 silly get     etag: 'W/"58e2d1b777770e9a7783077b6e637450"',
21 silly get     'last-modified': 'Thu, 04 Jun 2020 00:14:33 GMT',
21 silly get     vary: 'accept-encoding, accept',
21 silly get     'cf-cache-status': 'HIT',
21 silly get     'cf-request-id': '05e8ec41e2000009874ba26000000001',
21 silly get     'expect-ct': 'max-age=604800, report-uri="https://report-uri.cloudflare.com/cdn-cgi/beacon/expect-ct"',
21 silly get     server: 'cloudflare',
21 silly get     'content-encoding': 'gzip' } ]
22 verbose get saving gulp-cli to /root/.npm/registry.npmjs.org/gulp-cli/.cache.json
23 verbose correctMkdir /root/.npm correctMkdir not in flight; initializing
24 silly install normalizeTree
25 silly loadCurrentTree Finishing
26 silly loadIdealTree Starting
27 silly install loadIdealTree
28 silly cloneCurrentTree Starting
29 silly install cloneCurrentTreeToIdealTree
30 silly cloneCurrentTree Finishing
31 silly loadShrinkwrap Starting
32 silly install loadShrinkwrap
33 silly loadShrinkwrap Finishing
34 silly loadAllDepsIntoIdealTree Starting
35 silly install loadAllDepsIntoIdealTree
36 silly resolveWithNewModule gulp-cli@2.3.0 checking installable status
37 silly cache add args [ 'gulp-cli', null ]
38 verbose cache add spec gulp-cli
39 silly cache add parsed spec Result {
39 silly cache add   raw: 'gulp-cli',
39 silly cache add   scope: null,
39 silly cache add   escapedName: 'gulp-cli',
39 silly cache add   name: 'gulp-cli',
39 silly cache add   rawSpec: '',
39 silly cache add   spec: 'latest',
39 silly cache add   type: 'tag' }
40 silly addNamed gulp-cli@latest
41 verbose addNamed "latest" is being treated as a dist-tag for gulp-cli
42 info addNameTag [ 'gulp-cli', 'latest' ]
43 silly mapToRegistry name gulp-cli
44 silly mapToRegistry using default registry
45 silly mapToRegistry registry https://registry.npmjs.org/
46 silly mapToRegistry data Result {
46 silly mapToRegistry   raw: 'gulp-cli',
46 silly mapToRegistry   scope: null,
46 silly mapToRegistry   escapedName: 'gulp-cli',
46 silly mapToRegistry   name: 'gulp-cli',
46 silly mapToRegistry   rawSpec: '',
46 silly mapToRegistry   spec: 'latest',
46 silly mapToRegistry   type: 'tag' }
47 silly mapToRegistry uri https://registry.npmjs.org/gulp-cli
48 verbose addNameTag registry:https://registry.npmjs.org/gulp-cli not in flight; fetching
49 verbose get https://registry.npmjs.org/gulp-cli not expired, no request
50 silly addNameTag next cb for gulp-cli with tag latest
51 silly addNamed gulp-cli@2.3.0
52 verbose addNamed "2.3.0" is a plain semver version for gulp-cli
53 silly mapToRegistry name gulp-cli
54 silly mapToRegistry using default registry
55 silly mapToRegistry registry https://registry.npmjs.org/
56 silly mapToRegistry data Result {
56 silly mapToRegistry   raw: 'gulp-cli',
56 silly mapToRegistry   scope: null,
56 silly mapToRegistry   escapedName: 'gulp-cli',
56 silly mapToRegistry   name: 'gulp-cli',
56 silly mapToRegistry   rawSpec: '',
56 silly mapToRegistry   spec: 'latest',
56 silly mapToRegistry   type: 'tag' }
57 silly mapToRegistry uri https://registry.npmjs.org/gulp-cli
58 verbose addRemoteTarball https://registry.npmjs.org/gulp-cli/-/gulp-cli-2.3.0.tgz not in flight; adding
59 verbose addRemoteTarball [ 'https://registry.npmjs.org/gulp-cli/-/gulp-cli-2.3.0.tgz',
59 verbose addRemoteTarball   'ec0d380e29e52aa45e47977f0d32e18fd161122f' ]
60 info retry fetch attempt 1 at 6:43:54 PM
61 info attempt registry request try #1 at 6:43:54 PM
62 http fetch GET https://registry.npmjs.org/gulp-cli/-/gulp-cli-2.3.0.tgz
63 http fetch 200 https://registry.npmjs.org/gulp-cli/-/gulp-cli-2.3.0.tgz
64 info retry will retry, error on last attempt: Error: read ETIMEDOUT
65 silly fetchAndShaCheck shasum ec0d380e29e52aa45e47977f0d32e18fd161122f
66 silly rollbackFailedOptional Starting
67 silly rollbackFailedOptional Finishing
68 silly runTopLevelLifecycles Finishing
69 silly install printInstalled
70 verbose stack Error: shasum check failed for /tmp/npm-380-71ea962c/registry.npmjs.org/gulp-cli/-/gulp-cli-2.3.0.tgz
70 verbose stack Expected: ec0d380e29e52aa45e47977f0d32e18fd161122f
70 verbose stack Actual:   192d4166cfa82b27d46205bc8ca519881f9a3008
70 verbose stack From:     https://registry.npmjs.org/gulp-cli/-/gulp-cli-2.3.0.tgz
70 verbose stack     at /usr/lib/node_modules/npm/node_modules.bundled/sha/index.js:25:8
70 verbose stack     at ReadStream.<anonymous> (/usr/lib/node_modules/npm/node_modules.bundled/sha/index.js:72:7)
70 verbose stack     at emitNone (events.js:91:20)
70 verbose stack     at ReadStream.emit (events.js:185:7)
70 verbose stack     at endReadableNT (_stream_readable.js:978:12)
70 verbose stack     at _combinedTickCallback (internal/process/next_tick.js:80:11)
70 verbose stack     at process._tickCallback (internal/process/next_tick.js:104:9)
71 verbose cwd /var/www/public/docroot/themes/custom/usda_ars_uswds
72 error Linux 4.19.76-linuxkit
73 error argv "/usr/bin/node" "/usr/bin/npm" "install" "gulp-cli" "-g"
74 error node v6.17.1
75 error npm  v3.10.10
76 error shasum check failed for /tmp/npm-380-71ea962c/registry.npmjs.org/gulp-cli/-/gulp-cli-2.3.0.tgz
76 error Expected: ec0d380e29e52aa45e47977f0d32e18fd161122f
76 error Actual:   192d4166cfa82b27d46205bc8ca519881f9a3008
76 error From:     https://registry.npmjs.org/gulp-cli/-/gulp-cli-2.3.0.tgz
77 error If you need help, you may report this error at:
77 error     <https://github.com/npm/npm/issues>
78 verbose exit [ 1, true ]
